Connecting to database specified by database.yml
  [1m[36m (0.1ms)[0m  [1mselect sqlite_version(*)[0m
  [1m[35m (1.9ms)[0m  CREATE TABLE "schema_migrations" ("version" varchar(255) NOT NULL) 
  [1m[36m (1.4ms)[0m  [1mCREATE UNIQUE INDEX "unique_schema_migrations" ON "schema_migrations" ("version")[0m
  [1m[35m (0.2ms)[0m  SELECT "schema_migrations"."version" FROM "schema_migrations" 
Migrating to CreateProducts (20121201092557)
  [1m[36m (0.0ms)[0m  [1mbegin transaction[0m
  [1m[35m (0.5ms)[0m  CREATE TABLE "products" ("id" INTEGER PRIMARY KEY AUTOINCREMENT NOT NULL, "name" varchar(255), "price" integer, "created_at" datetime NOT NULL, "updated_at" datetime NOT NULL) 
  [1m[36m (0.1ms)[0m  [1mINSERT INTO "schema_migrations" ("version") VALUES ('20121201092557')[0m
  [1m[35m (1.6ms)[0m  commit transaction
  [1m[36m (0.1ms)[0m  [1mSELECT "schema_migrations"."version" FROM "schema_migrations" [0m


Started GET "/" for 127.0.0.1 at 2013-12-04 14:30:39 -0800
Connecting to database specified by database.yml
Processing by ProductsController#index as HTML
  [1m[36mProduct Load (0.1ms)[0m  [1mSELECT "products".* FROM "products" [0m
  Rendered products/index.html.erb within layouts/application (1.7ms)
Compiled products.css  (36ms)  (pid 16653)
Compiled scaffolds.css  (12ms)  (pid 16653)
Compiled application.css  (57ms)  (pid 16653)
Compiled jquery.js  (4ms)  (pid 16653)
Compiled jquery_ujs.js  (1ms)  (pid 16653)
Compiled products.js  (216ms)  (pid 16653)
Compiled application.js  (244ms)  (pid 16653)
Completed 200 OK in 410ms (Views: 396.5ms | ActiveRecord: 1.1ms)


Started GET "/assets/application.css?body=1" for 127.0.0.1 at 2013-12-04 14:30:40 -0800
Served asset /application.css - 200 OK (31ms)


Started GET "/assets/scaffolds.css?body=1" for 127.0.0.1 at 2013-12-04 14:30:40 -0800
Served asset /scaffolds.css - 200 OK (1ms)


Started GET "/assets/jquery.js?body=1" for 127.0.0.1 at 2013-12-04 14:30:40 -0800
Served asset /jquery.js - 304 Not Modified (10ms)


Started GET "/assets/jquery_ujs.js?body=1" for 127.0.0.1 at 2013-12-04 14:30:40 -0800
Served asset /jquery_ujs.js - 304 Not Modified (12ms)


Started GET "/assets/products.js?body=1" for 127.0.0.1 at 2013-12-04 14:30:40 -0800
Served asset /products.js - 200 OK (1ms)


Started GET "/assets/products.css?body=1" for 127.0.0.1 at 2013-12-04 14:30:40 -0800
Served asset /products.css - 200 OK (1ms)


Started GET "/assets/application.js?body=1" for 127.0.0.1 at 2013-12-04 14:30:40 -0800
Served asset /application.js - 200 OK (15ms)


Started GET "/products/new" for 127.0.0.1 at 2013-12-04 14:30:44 -0800
Processing by ProductsController#new as JS
  Rendered products/_form.html.erb (10.8ms)
  Rendered products/new.js.erb (14.3ms)
Completed 200 OK in 24ms (Views: 16.8ms | ActiveRecord: 0.0ms)


Started GET "/" for 127.0.0.1 at 2013-12-04 14:31:39 -0800
Processing by ProductsController#index as HTML
  [1m[35mProduct Load (0.3ms)[0m  SELECT "products".* FROM "products" 
  Rendered products/index.html.erb within layouts/application (0.5ms)
Completed 200 OK in 8ms (Views: 6.6ms | ActiveRecord: 0.3ms)


Started GET "/assets/jquery.js?body=1" for 127.0.0.1 at 2013-12-04 14:31:39 -0800
Served asset /jquery.js - 304 Not Modified (0ms)


Started GET "/assets/scaffolds.css?body=1" for 127.0.0.1 at 2013-12-04 14:31:39 -0800
Served asset /scaffolds.css - 304 Not Modified (0ms)


Started GET "/assets/products.css?body=1" for 127.0.0.1 at 2013-12-04 14:31:39 -0800
Served asset /products.css - 304 Not Modified (0ms)


Started GET "/assets/jquery_ujs.js?body=1" for 127.0.0.1 at 2013-12-04 14:31:39 -0800
Served asset /jquery_ujs.js - 304 Not Modified (0ms)


Started GET "/assets/application.css?body=1" for 127.0.0.1 at 2013-12-04 14:31:39 -0800
Served asset /application.css - 304 Not Modified (0ms)


Started GET "/assets/application.js?body=1" for 127.0.0.1 at 2013-12-04 14:31:39 -0800
Served asset /application.js - 304 Not Modified (0ms)


Started GET "/assets/products.js?body=1" for 127.0.0.1 at 2013-12-04 14:31:39 -0800
Served asset /products.js - 304 Not Modified (0ms)


Started GET "/products/new" for 127.0.0.1 at 2013-12-04 14:31:46 -0800
Processing by ProductsController#new as JS
  Rendered products/_form.html.erb (2.4ms)
  Rendered products/new.js.erb (3.1ms)
Completed 200 OK in 5ms (Views: 4.7ms | ActiveRecord: 0.0ms)


Started POST "/products" for 127.0.0.1 at 2013-12-04 14:31:53 -0800
Processing by ProductsController#create as JS
  Parameters: {"utf8"=>"✓", "authenticity_token"=>"TtHZNRIy1iJbOtJiE1fdtrtkzUeIAAuNHGGEOSvE5SY=", "product"=>{"name"=>"tacos", "price"=>"1"}, "commit"=>"Create Product"}
  [1m[36m (0.2ms)[0m  [1mbegin transaction[0m
  [1m[35mSQL (7.3ms)[0m  INSERT INTO "products" ("created_at", "name", "price", "updated_at") VALUES (?, ?, ?, ?)  [["created_at", Wed, 04 Dec 2013 22:31:53 UTC +00:00], ["name", "tacos"], ["price", 1], ["updated_at", Wed, 04 Dec 2013 22:31:53 UTC +00:00]]
  [1m[36m (2.1ms)[0m  [1mcommit transaction[0m
  Rendered products/_product.html.erb (4.2ms)
  Rendered products/create.js.erb (6.5ms)
Completed 200 OK in 26ms (Views: 9.3ms | ActiveRecord: 9.6ms)


Started GET "/products/1" for 127.0.0.1 at 2013-12-04 14:32:50 -0800
Processing by ProductsController#show as HTML
  Parameters: {"id"=>"1"}
  [1m[35mProduct Load (0.4ms)[0m  SELECT "products".* FROM "products" WHERE "products"."id" = ? LIMIT 1  [["id", "1"]]
  Rendered products/show.html.erb within layouts/application (2.6ms)
Completed 200 OK in 14ms (Views: 8.4ms | ActiveRecord: 0.4ms)


Started GET "/assets/application.css?body=1" for 127.0.0.1 at 2013-12-04 14:32:50 -0800
Served asset /application.css - 304 Not Modified (0ms)


Started GET "/assets/products.js?body=1" for 127.0.0.1 at 2013-12-04 14:32:50 -0800
Served asset /products.js - 304 Not Modified (0ms)


Started GET "/assets/jquery_ujs.js?body=1" for 127.0.0.1 at 2013-12-04 14:32:50 -0800
Served asset /jquery_ujs.js - 304 Not Modified (0ms)


Started GET "/assets/jquery.js?body=1" for 127.0.0.1 at 2013-12-04 14:32:50 -0800
Served asset /jquery.js - 304 Not Modified (0ms)


Started GET "/assets/products.css?body=1" for 127.0.0.1 at 2013-12-04 14:32:50 -0800
Served asset /products.css - 304 Not Modified (0ms)


Started GET "/assets/scaffolds.css?body=1" for 127.0.0.1 at 2013-12-04 14:32:50 -0800
Served asset /scaffolds.css - 304 Not Modified (0ms)


Started GET "/assets/application.js?body=1" for 127.0.0.1 at 2013-12-04 14:32:50 -0800
Served asset /application.js - 304 Not Modified (0ms)


Started GET "/products" for 127.0.0.1 at 2013-12-04 14:32:52 -0800
Processing by ProductsController#index as HTML
  [1m[36mProduct Load (0.2ms)[0m  [1mSELECT "products".* FROM "products" [0m
  Rendered products/_product.html.erb (2.0ms)
  Rendered products/index.html.erb within layouts/application (2.9ms)
Completed 200 OK in 10ms (Views: 8.9ms | ActiveRecord: 0.2ms)


Started GET "/assets/products.css?body=1" for 127.0.0.1 at 2013-12-04 14:32:52 -0800
Served asset /products.css - 304 Not Modified (0ms)


Started GET "/assets/jquery.js?body=1" for 127.0.0.1 at 2013-12-04 14:32:52 -0800
Served asset /jquery.js - 304 Not Modified (0ms)


Started GET "/assets/products.js?body=1" for 127.0.0.1 at 2013-12-04 14:32:52 -0800
Served asset /products.js - 304 Not Modified (0ms)


Started GET "/assets/application.css?body=1" for 127.0.0.1 at 2013-12-04 14:32:52 -0800
Served asset /application.css - 304 Not Modified (0ms)


Started GET "/assets/scaffolds.css?body=1" for 127.0.0.1 at 2013-12-04 14:32:52 -0800
Served asset /scaffolds.css - 304 Not Modified (0ms)


Started GET "/assets/jquery_ujs.js?body=1" for 127.0.0.1 at 2013-12-04 14:32:52 -0800
Served asset /jquery_ujs.js - 304 Not Modified (0ms)


Started GET "/assets/application.js?body=1" for 127.0.0.1 at 2013-12-04 14:32:52 -0800
Served asset /application.js - 304 Not Modified (0ms)


Started GET "/products/1/edit" for 127.0.0.1 at 2013-12-04 14:32:54 -0800
Processing by ProductsController#edit as JS
  Parameters: {"id"=>"1"}
  [1m[35mProduct Load (0.2ms)[0m  SELECT "products".* FROM "products" WHERE "products"."id" = ? LIMIT 1  [["id", "1"]]
  Rendered products/_form.html.erb (2.6ms)
  Rendered products/edit.js.erb (4.0ms)
Completed 200 OK in 10ms (Views: 7.3ms | ActiveRecord: 0.2ms)


Started GET "/products/1" for 127.0.0.1 at 2013-12-04 14:32:58 -0800
Processing by ProductsController#show as HTML
  Parameters: {"id"=>"1"}
  [1m[36mProduct Load (0.4ms)[0m  [1mSELECT "products".* FROM "products" WHERE "products"."id" = ? LIMIT 1[0m  [["id", "1"]]
  Rendered products/show.html.erb within layouts/application (1.7ms)
Completed 200 OK in 14ms (Views: 9.5ms | ActiveRecord: 0.4ms)


Started GET "/assets/application.css?body=1" for 127.0.0.1 at 2013-12-04 14:32:59 -0800
Served asset /application.css - 304 Not Modified (0ms)


Started GET "/assets/products.css?body=1" for 127.0.0.1 at 2013-12-04 14:32:59 -0800
Served asset /products.css - 304 Not Modified (0ms)


Started GET "/assets/scaffolds.css?body=1" for 127.0.0.1 at 2013-12-04 14:32:59 -0800
Served asset /scaffolds.css - 304 Not Modified (0ms)


Started GET "/assets/products.js?body=1" for 127.0.0.1 at 2013-12-04 14:32:59 -0800
Served asset /products.js - 304 Not Modified (0ms)


Started GET "/assets/jquery_ujs.js?body=1" for 127.0.0.1 at 2013-12-04 14:32:59 -0800
Served asset /jquery_ujs.js - 304 Not Modified (0ms)


Started GET "/assets/application.js?body=1" for 127.0.0.1 at 2013-12-04 14:32:59 -0800
Served asset /application.js - 304 Not Modified (0ms)


Started GET "/assets/jquery.js?body=1" for 127.0.0.1 at 2013-12-04 14:32:59 -0800
Served asset /jquery.js - 304 Not Modified (0ms)


Started GET "/products" for 127.0.0.1 at 2013-12-04 14:33:00 -0800
Processing by ProductsController#index as HTML
  [1m[35mProduct Load (0.3ms)[0m  SELECT "products".* FROM "products" 
  Rendered products/_product.html.erb (2.0ms)
  Rendered products/index.html.erb within layouts/application (3.6ms)
Completed 200 OK in 13ms (Views: 11.0ms | ActiveRecord: 0.3ms)


Started GET "/assets/scaffolds.css?body=1" for 127.0.0.1 at 2013-12-04 14:33:00 -0800
Served asset /scaffolds.css - 304 Not Modified (0ms)


Started GET "/assets/products.css?body=1" for 127.0.0.1 at 2013-12-04 14:33:00 -0800
Served asset /products.css - 304 Not Modified (0ms)


Started GET "/assets/products.js?body=1" for 127.0.0.1 at 2013-12-04 14:33:00 -0800
Served asset /products.js - 304 Not Modified (0ms)


Started GET "/assets/application.js?body=1" for 127.0.0.1 at 2013-12-04 14:33:00 -0800
Served asset /application.js - 304 Not Modified (0ms)


Started GET "/assets/jquery.js?body=1" for 127.0.0.1 at 2013-12-04 14:33:00 -0800
Served asset /jquery.js - 304 Not Modified (0ms)


Started GET "/assets/jquery_ujs.js?body=1" for 127.0.0.1 at 2013-12-04 14:33:00 -0800
Served asset /jquery_ujs.js - 304 Not Modified (0ms)


Started GET "/assets/application.css?body=1" for 127.0.0.1 at 2013-12-04 14:33:00 -0800
Served asset /application.css - 304 Not Modified (0ms)


Started GET "/products/1/edit" for 127.0.0.1 at 2013-12-04 14:33:02 -0800
Processing by ProductsController#edit as JS
  Parameters: {"id"=>"1"}
  [1m[36mProduct Load (0.2ms)[0m  [1mSELECT "products".* FROM "products" WHERE "products"."id" = ? LIMIT 1[0m  [["id", "1"]]
  Rendered products/_form.html.erb (44.1ms)
  Rendered products/edit.js.erb (45.3ms)
Completed 200 OK in 49ms (Views: 47.4ms | ActiveRecord: 0.2ms)


Started PUT "/products/1" for 127.0.0.1 at 2013-12-04 14:33:05 -0800
Processing by ProductsController#update as JS
  Parameters: {"utf8"=>"✓", "authenticity_token"=>"TtHZNRIy1iJbOtJiE1fdtrtkzUeIAAuNHGGEOSvE5SY=", "product"=>{"name"=>"tacos", "price"=>"1"}, "commit"=>"Update Product", "id"=>"1"}
  [1m[35mProduct Load (0.1ms)[0m  SELECT "products".* FROM "products" WHERE "products"."id" = ? LIMIT 1  [["id", "1"]]
  [1m[36m (0.1ms)[0m  [1mbegin transaction[0m
  [1m[35m (0.0ms)[0m  commit transaction
  Rendered products/_form.html.erb (2.8ms)
  Rendered products/update.js.erb (4.2ms)
Completed 200 OK in 9ms (Views: 5.9ms | ActiveRecord: 0.2ms)


Started PUT "/products/1" for 127.0.0.1 at 2013-12-04 14:33:08 -0800
Processing by ProductsController#update as JS
  Parameters: {"utf8"=>"✓", "authenticity_token"=>"TtHZNRIy1iJbOtJiE1fdtrtkzUeIAAuNHGGEOSvE5SY=", "product"=>{"name"=>"tacos", "price"=>"1"}, "commit"=>"Update Product", "id"=>"1"}
  [1m[36mProduct Load (0.2ms)[0m  [1mSELECT "products".* FROM "products" WHERE "products"."id" = ? LIMIT 1[0m  [["id", "1"]]
  [1m[35m (0.1ms)[0m  begin transaction
  [1m[36m (0.1ms)[0m  [1mcommit transaction[0m
  Rendered products/_form.html.erb (3.4ms)
  Rendered products/update.js.erb (5.1ms)
Completed 200 OK in 11ms (Views: 7.8ms | ActiveRecord: 0.3ms)


Started GET "/products/1" for 127.0.0.1 at 2013-12-04 14:33:11 -0800
Processing by ProductsController#show as HTML
  Parameters: {"id"=>"1"}
  [1m[35mProduct Load (0.1ms)[0m  SELECT "products".* FROM "products" WHERE "products"."id" = ? LIMIT 1  [["id", "1"]]
  Rendered products/show.html.erb within layouts/application (1.0ms)
Completed 200 OK in 6ms (Views: 5.3ms | ActiveRecord: 0.1ms)


Started GET "/assets/application.css?body=1" for 127.0.0.1 at 2013-12-04 14:33:11 -0800
Served asset /application.css - 304 Not Modified (0ms)


Started GET "/assets/jquery.js?body=1" for 127.0.0.1 at 2013-12-04 14:33:11 -0800
Served asset /jquery.js - 304 Not Modified (0ms)


Started GET "/assets/scaffolds.css?body=1" for 127.0.0.1 at 2013-12-04 14:33:11 -0800
Served asset /scaffolds.css - 304 Not Modified (0ms)


Started GET "/assets/jquery_ujs.js?body=1" for 127.0.0.1 at 2013-12-04 14:33:11 -0800
Served asset /jquery_ujs.js - 304 Not Modified (0ms)


Started GET "/assets/products.js?body=1" for 127.0.0.1 at 2013-12-04 14:33:11 -0800
Served asset /products.js - 304 Not Modified (0ms)


Started GET "/assets/application.js?body=1" for 127.0.0.1 at 2013-12-04 14:33:11 -0800
Served asset /application.js - 304 Not Modified (0ms)


Started GET "/assets/products.css?body=1" for 127.0.0.1 at 2013-12-04 14:33:11 -0800
Served asset /products.css - 304 Not Modified (0ms)


Started GET "/products" for 127.0.0.1 at 2013-12-04 14:33:12 -0800
Processing by ProductsController#index as HTML
  [1m[36mProduct Load (0.5ms)[0m  [1mSELECT "products".* FROM "products" [0m
  Rendered products/_product.html.erb (2.6ms)
  Rendered products/index.html.erb within layouts/application (5.0ms)
Completed 200 OK in 17ms (Views: 14.0ms | ActiveRecord: 0.5ms)


Started GET "/assets/products.css?body=1" for 127.0.0.1 at 2013-12-04 14:33:12 -0800
Served asset /products.css - 304 Not Modified (0ms)


Started GET "/assets/application.css?body=1" for 127.0.0.1 at 2013-12-04 14:33:12 -0800
Served asset /application.css - 304 Not Modified (1ms)


Started GET "/assets/jquery_ujs.js?body=1" for 127.0.0.1 at 2013-12-04 14:33:12 -0800
Served asset /jquery_ujs.js - 304 Not Modified (0ms)


Started GET "/assets/scaffolds.css?body=1" for 127.0.0.1 at 2013-12-04 14:33:12 -0800
Served asset /scaffolds.css - 304 Not Modified (0ms)


Started GET "/assets/products.js?body=1" for 127.0.0.1 at 2013-12-04 14:33:12 -0800
Served asset /products.js - 304 Not Modified (0ms)


Started GET "/assets/application.js?body=1" for 127.0.0.1 at 2013-12-04 14:33:12 -0800
Served asset /application.js - 304 Not Modified (0ms)


Started GET "/assets/jquery.js?body=1" for 127.0.0.1 at 2013-12-04 14:33:12 -0800
Served asset /jquery.js - 304 Not Modified (0ms)


Started DELETE "/products/1" for 127.0.0.1 at 2013-12-04 14:33:19 -0800
Processing by ProductsController#destroy as JS
  Parameters: {"id"=>"1"}
  [1m[35mProduct Load (0.2ms)[0m  SELECT "products".* FROM "products" WHERE "products"."id" = ? LIMIT 1  [["id", "1"]]
  [1m[36m (0.1ms)[0m  [1mbegin transaction[0m
  [1m[35mSQL (0.3ms)[0m  DELETE FROM "products" WHERE "products"."id" = ?  [["id", 1]]
  [1m[36m (3.6ms)[0m  [1mcommit transaction[0m
  Rendered products/destroy.js.erb (0.7ms)
Completed 200 OK in 11ms (Views: 3.9ms | ActiveRecord: 4.2ms)
